<?xml version="1.0" encoding="UTF-8"?>
<!-- Generated by org.testng.reporters.JUnitXMLReporter -->
<testsuite ignored="2" hostname="ASUS" failures="0" tests="10" name="TestNGProject" time="1.137" errors="0" timestamp="2023-06-02T11:23:45 KGT">
  <testcase classname="com.automation.test.DataDrivenTestWithExcel" name="verifyLoginUnsuccessfulWithInvalidCredentials1" time="0.009"/>
  <testcase classname="com.automation.test.DataDrivenTestWithExcel" name="verifyLoginUnsuccessfulWithInvalidCredentials1" time="0.003"/>
  <testcase classname="com.automation.test.DataDrivenTestWithExcel" name="verifyLoginUnsuccessfulWithInvalidCredentials1" time="0.001"/>
  <testcase classname="com.automation.test.DataDrivenTestWithExcel" name="verifyLoginUnsuccessfulWithInvalidCredentials1" time="0.001"/>
  <testcase classname="com.automation.test.DataDrivenTestWithExcel" name="verifyLoginUnsuccessfulWithInvalidCredentials1" time="0.001"/>
  <testcase classname="com.automation.test.DataDrivenTestWithExcel" name="verifyLoginUnsuccessfulWithInvalidCredentials1" time="0.001"/>
  <testcase classname="com.automation.test.DataDrivenTestWithExcel" name="verifyLoginUnsuccessfulWithInvalidCredentials1" time="0.0"/>
  <testcase classname="com.automation.test.DataDrivenTestWithExcel" name="verifyLoginUnsuccessfulWithInvalidCredentials1" time="0.001"/>
  <testcase classname="com.automation.test.DataDrivenTestWithExcel" name="verifyLoginUnsuccessfulWithInvalidCredentials1" time="0.0"/>
  <testcase classname="com.automation.test.DataDrivenTestWithExcel" name="verifyLoginUnsuccessfulWithInvalidCredentials1" time="0.0"/>
  <testcase classname="com.automation.test.DataDrivenTestWithExcel" name="verifyLoginUnsuccessfulWithInvalidCredentials" time="0.0">
    <ignored/>
  </testcase> <!-- verifyLoginUnsuccessfulWithInvalidCredentials -->
  <testcase classname="com.automation.test.DataDrivenTestWithExcel" name="verifyLoginSuccessfulWithValidCred" time="0.0">
    <ignored/>
  </testcase> <!-- verifyLoginSuccessfulWithValidCred -->
</testsuite> <!-- TestNGProject -->
