<?xml version="1.0" encoding="UTF-8"?>
<testng-results ignored="2" total="12" passed="10" failed="0" skipped="0">
  <reporter-output>
  </reporter-output>
  <suite started-at="2023-06-02T11:23:44 KGT" name="Default Suite" finished-at="2023-06-02T11:23:45 KGT" duration-ms="1137">
    <groups>
    </groups>
    <test started-at="2023-06-02T11:23:44 KGT" name="TestNGProject" finished-at="2023-06-02T11:23:45 KGT" duration-ms="1137">
      <class name="com.automation.test.DataDrivenTestWithExcel">
        <test-method signature="verifyLoginUnsuccessfulWithInvalidCredentials1(java.lang.String,java.lang.String)[pri:0, instance:com.automation.test.DataDrivenTestWithExcel@27ae2fd0]" started-at="2023-06-02T11:23:45 KGT" name="verifyLoginUnsuccessfulWithInvalidCredentials1" data-provider="invalidData" finished-at="2023-06-02T11:23:45 KGT" duration-ms="9" status="PASS">
          <params>
            <param index="0">
              <value>
                <![CDATA[Milana]]>
              </value>
            </param>
            <param index="1">
              <value>
                <![CDATA[Tam]]>
              </value>
            </param>
          </params>
          <reporter-output>
          </reporter-output>
        </test-method> <!-- verifyLoginUnsuccessfulWithInvalidCredentials1 -->
        <test-method signature="verifyLoginUnsuccessfulWithInvalidCredentials1(java.lang.String,java.lang.String)[pri:0, instance:com.automation.test.DataDrivenTestWithExcel@27ae2fd0]" started-at="2023-06-02T11:23:45 KGT" name="verifyLoginUnsuccessfulWithInvalidCredentials1" data-provider="invalidData" finished-at="2023-06-02T11:23:45 KGT" duration-ms="3" status="PASS">
          <params>
            <param index="0">
              <value>
                <![CDATA[Madina]]>
              </value>
            </param>
            <param index="1">
              <value>
                <![CDATA[Aidana]]>
              </value>
            </param>
          </params>
          <reporter-output>
          </reporter-output>
        </test-method> <!-- verifyLoginUnsuccessfulWithInvalidCredentials1 -->
        <test-method signature="verifyLoginUnsuccessfulWithInvalidCredentials1(java.lang.String,java.lang.String)[pri:0, instance:com.automation.test.DataDrivenTestWithExcel@27ae2fd0]" started-at="2023-06-02T11:23:45 KGT" name="verifyLoginUnsuccessfulWithInvalidCredentials1" data-provider="invalidData" finished-at="2023-06-02T11:23:45 KGT" duration-ms="1" status="PASS">
          <params>
            <param index="0">
              <value>
                <![CDATA[Aidai]]>
              </value>
            </param>
            <param index="1">
              <value>
                <![CDATA[Tech Girls]]>
              </value>
            </param>
          </params>
          <reporter-output>
          </reporter-output>
        </test-method> <!-- verifyLoginUnsuccessfulWithInvalidCredentials1 -->
        <test-method signature="verifyLoginUnsuccessfulWithInvalidCredentials1(java.lang.String,java.lang.String)[pri:0, instance:com.automation.test.DataDrivenTestWithExcel@27ae2fd0]" started-at="2023-06-02T11:23:45 KGT" name="verifyLoginUnsuccessfulWithInvalidCredentials1" data-provider="invalidData" finished-at="2023-06-02T11:23:45 KGT" duration-ms="1" status="PASS">
          <params>
            <param index="0">
              <value>
                <![CDATA[Azat]]>
              </value>
            </param>
            <param index="1">
              <value>
                <![CDATA[Tech boys]]>
              </value>
            </param>
          </params>
          <reporter-output>
          </reporter-output>
        </test-method> <!-- verifyLoginUnsuccessfulWithInvalidCredentials1 -->
        <test-method signature="verifyLoginUnsuccessfulWithInvalidCredentials1(java.lang.String,java.lang.String)[pri:0, instance:com.automation.test.DataDrivenTestWithExcel@27ae2fd0]" started-at="2023-06-02T11:23:45 KGT" name="verifyLoginUnsuccessfulWithInvalidCredentials1" data-provider="invalidData" finished-at="2023-06-02T11:23:45 KGT" duration-ms="1" status="PASS">
          <params>
            <param index="0">
              <value>
                <![CDATA[Taira]]>
              </value>
            </param>
            <param index="1">
              <value>
                <![CDATA[Chusi]]>
              </value>
            </param>
          </params>
          <reporter-output>
          </reporter-output>
        </test-method> <!-- verifyLoginUnsuccessfulWithInvalidCredentials1 -->
        <test-method signature="verifyLoginUnsuccessfulWithInvalidCredentials1(java.lang.String,java.lang.String)[pri:0, instance:com.automation.test.DataDrivenTestWithExcel@27ae2fd0]" started-at="2023-06-02T11:23:45 KGT" name="verifyLoginUnsuccessfulWithInvalidCredentials1" data-provider="invalidData" finished-at="2023-06-02T11:23:45 KGT" duration-ms="1" status="PASS">
          <params>
            <param index="0">
              <value>
                <![CDATA[Dana]]>
              </value>
            </param>
            <param index="1">
              <value>
                <![CDATA[Dana]]>
              </value>
            </param>
          </params>
          <reporter-output>
          </reporter-output>
        </test-method> <!-- verifyLoginUnsuccessfulWithInvalidCredentials1 -->
        <test-method signature="verifyLoginUnsuccessfulWithInvalidCredentials1(java.lang.String,java.lang.String)[pri:0, instance:com.automation.test.DataDrivenTestWithExcel@27ae2fd0]" started-at="2023-06-02T11:23:45 KGT" name="verifyLoginUnsuccessfulWithInvalidCredentials1" data-provider="invalidData" finished-at="2023-06-02T11:23:45 KGT" duration-ms="0" status="PASS">
          <params>
            <param index="0">
              <value>
                <![CDATA[Mustafa]]>
              </value>
            </param>
            <param index="1">
              <value>
                <![CDATA[Everyone]]>
              </value>
            </param>
          </params>
          <reporter-output>
          </reporter-output>
        </test-method> <!-- verifyLoginUnsuccessfulWithInvalidCredentials1 -->
        <test-method signature="verifyLoginUnsuccessfulWithInvalidCredentials1(java.lang.String,java.lang.String)[pri:0, instance:com.automation.test.DataDrivenTestWithExcel@27ae2fd0]" started-at="2023-06-02T11:23:45 KGT" name="verifyLoginUnsuccessfulWithInvalidCredentials1" data-provider="invalidData" finished-at="2023-06-02T11:23:45 KGT" duration-ms="1" status="PASS">
          <params>
            <param index="0">
              <value>
                <![CDATA[Ali]]>
              </value>
            </param>
            <param index="1">
              <value>
                <![CDATA[Java]]>
              </value>
            </param>
          </params>
          <reporter-output>
          </reporter-output>
        </test-method> <!-- verifyLoginUnsuccessfulWithInvalidCredentials1 -->
        <test-method signature="verifyLoginUnsuccessfulWithInvalidCredentials1(java.lang.String,java.lang.String)[pri:0, instance:com.automation.test.DataDrivenTestWithExcel@27ae2fd0]" started-at="2023-06-02T11:23:45 KGT" name="verifyLoginUnsuccessfulWithInvalidCredentials1" data-provider="invalidData" finished-at="2023-06-02T11:23:45 KGT" duration-ms="0" status="PASS">
          <params>
            <param index="0">
              <value>
                <![CDATA[Me]]>
              </value>
            </param>
            <param index="1">
              <value>
                <![CDATA[You]]>
              </value>
            </param>
          </params>
          <reporter-output>
          </reporter-output>
        </test-method> <!-- verifyLoginUnsuccessfulWithInvalidCredentials1 -->
        <test-method signature="verifyLoginUnsuccessfulWithInvalidCredentials1(java.lang.String,java.lang.String)[pri:0, instance:com.automation.test.DataDrivenTestWithExcel@27ae2fd0]" started-at="2023-06-02T11:23:45 KGT" name="verifyLoginUnsuccessfulWithInvalidCredentials1" data-provider="invalidData" finished-at="2023-06-02T11:23:45 KGT" duration-ms="0" status="PASS">
          <params>
            <param index="0">
              <value>
                <![CDATA[Break master]]>
              </value>
            </param>
            <param index="1">
              <value>
                <![CDATA[Meme]]>
              </value>
            </param>
          </params>
          <reporter-output>
          </reporter-output>
        </test-method> <!-- verifyLoginUnsuccessfulWithInvalidCredentials1 -->
      </class> <!-- com.automation.test.DataDrivenTestWithExcel -->
    </test> <!-- TestNGProject -->
  </suite> <!-- Default Suite -->
</testng-results>
